<?xml version="1.0" encoding="UTF-8"?>
<!-- Generated by org.testng.reporters.JUnitReportReporter -->
<testsuite hostname="DESKTOP-8S455D7" failures="0" tests="1" name="com.rmg.project_createProject_4_ways.Post_CreateProject_JsonFile" time="5.692" errors="0" timestamp="2021-06-21T17:25:45 IST" skipped="0">
  <testcase classname="com.rmg.project_createProject_4_ways.Post_CreateProject_JsonFile" name="createProject" time="5.692"/>
  <system-out/>
</testsuite> <!-- com.rmg.project_createProject_4_ways.Post_CreateProject_JsonFile -->
