<?xml version="1.0" encoding="UTF-8"?>
<!-- Generated by org.testng.reporters.JUnitReportReporter -->
<testsuite hostname="DESKTOP-8S455D7" failures="0" tests="1" name="com.rmg.projecttest_bdd.Post_CreateProject_bdd" time="6.858" errors="0" timestamp="2021-06-21T17:06:30 IST" skipped="0">
  <testcase classname="com.rmg.projecttest_bdd.Post_CreateProject_bdd" name="createProject" time="6.858"/>
  <system-out/>
</testsuite> <!-- com.rmg.projecttest_bdd.Post_CreateProject_bdd -->
