<?xml version="1.0" encoding="UTF-8"?>
<!-- Generated by org.testng.reporters.JUnitReportReporter -->
<testsuite hostname="DESKTOP-8S455D7" failures="0" tests="1" name="com.rmg.projecttest.Put_UpdateProject" time="6.299" errors="0" timestamp="2021-06-21T16:48:45 IST" skipped="0">
  <testcase classname="com.rmg.projecttest.Put_UpdateProject" name="updatePRoject" time="6.299"/>
  <system-out/>
</testsuite> <!-- com.rmg.projecttest.Put_UpdateProject -->
