<?xml version="1.0" encoding="UTF-8"?>
<!-- Generated by org.testng.reporters.JUnitReportReporter -->
<testsuite hostname="DESKTOP-8S455D7" failures="0" tests="1" name="com.rmg.projecttest.GetSingleProject" time="5.786" errors="0" timestamp="2021-04-27T23:18:47 IST" skipped="0">
  <testcase classname="com.rmg.projecttest.GetSingleProject" name="apitest" time="5.786"/>
  <system-out/>
</testsuite> <!-- com.rmg.projecttest.GetSingleProject -->
