<?xml version="1.0" encoding="UTF-8"?>
<!-- Generated by org.testng.reporters.JUnitReportReporter -->
<testsuite hostname="DESKTOP-8S455D7" failures="0" tests="1" name="com.rmg.project_createProject_4_ways.Post_CreateProject_PojoClass" time="6.665" errors="0" timestamp="2021-06-21T17:38:50 IST" skipped="0">
  <testcase classname="com.rmg.project_createProject_4_ways.Post_CreateProject_PojoClass" name="createProject" time="6.665"/>
  <system-out/>
</testsuite> <!-- com.rmg.project_createProject_4_ways.Post_CreateProject_PojoClass -->
