<?xml version="1.0" encoding="UTF-8"?>
<!-- Generated by org.testng.reporters.JUnitReportReporter -->
<testsuite hostname="DESKTOP-8S455D7" failures="0" tests="1" name="com.rmg.projecttest.Post_CreateProject" time="6.108" errors="0" timestamp="2021-06-21T16:43:49 IST" skipped="0">
  <testcase classname="com.rmg.projecttest.Post_CreateProject" name="createProject" time="6.108"/>
  <system-out/>
</testsuite> <!-- com.rmg.projecttest.Post_CreateProject -->
