<?xml version="1.0" encoding="UTF-8"?>
<!-- Generated by org.testng.reporters.JUnitReportReporter -->
<testsuite hostname="DESKTOP-8S455D7" failures="0" tests="1" name="com.rmg.projecttest_bdd.Delete_DeleteProject_bdd" time="5.407" errors="0" timestamp="2021-06-21T17:02:44 IST" skipped="0">
  <testcase classname="com.rmg.projecttest_bdd.Delete_DeleteProject_bdd" name="getAllProject" time="5.407"/>
  <system-out/>
</testsuite> <!-- com.rmg.projecttest_bdd.Delete_DeleteProject_bdd -->
